Ca	: 0x08003800013ad64b ports 1 "sid753 HCA-1"
Ca	: 0x08003800013ad405 ports 1 "sid752 HCA-1"
Ca	: 0x08003800013abce3 ports 1 "sid750 HCA-1"
Ca	: 0x08003800013af907 ports 1 "sid751 HCA-1"
Ca	: 0x08003800013adcbd ports 1 "sid748 HCA-1"
Ca	: 0x08003800013afa5d ports 1 "sid749 HCA-1"
Ca	: 0x08003800013afa7b ports 1 "sid746 HCA-1"
Ca	: 0x08003800013abd73 ports 1 "sid747 HCA-1"
Ca	: 0x08003800013b0963 ports 1 "sid745 HCA-1"
Ca	: 0x08003800013ad729 ports 1 "sid744 HCA-1"
Ca	: 0x08003800013ad975 ports 1 "sid743 HCA-1"
Ca	: 0x08003800013ab941 ports 1 "sid741 HCA-1"
Ca	: 0x08003800013ae857 ports 1 "sid742 HCA-1"
Ca	: 0x08003800013ae8c9 ports 1 "sid740 HCA-1"
Ca	: 0x08003800013ae20f ports 1 "sid739 HCA-1"
Ca	: 0x08003800013ac643 ports 1 "sid738 HCA-1"
Ca	: 0x08003800013b1977 ports 1 "sid737 HCA-1"
Ca	: 0x08003800013b0489 ports 1 "sid736 HCA-1"
Ca	: 0x08003800013af6af ports 1 "sid789 HCA-1"
Ca	: 0x08003800013b085b ports 1 "sid788 HCA-1"
Ca	: 0x08003800013b0c39 ports 1 "sid787 HCA-1"
Ca	: 0x08003800013b0ced ports 1 "sid786 HCA-1"
Ca	: 0x08003800013af91f ports 1 "sid785 HCA-1"
Ca	: 0x08003800013b0ba9 ports 1 "sid784 HCA-1"
Ca	: 0x08003800013b0d3b ports 1 "sid783 HCA-1"
Ca	: 0x08003800013af3bb ports 1 "sid782 HCA-1"
Ca	: 0x08003800013afa9f ports 1 "sid781 HCA-1"
Ca	: 0x08003800013aed1f ports 1 "sid780 HCA-1"
Ca	: 0x08003800013b053d ports 1 "sid779 HCA-1"
Ca	: 0x08003800013b06cf ports 1 "sid778 HCA-1"
Ca	: 0x08003800013b0345 ports 1 "sid777 HCA-1"
Ca	: 0x08003800013ae881 ports 1 "sid776 HCA-1"
Ca	: 0x08003800013aedd3 ports 1 "sid774 HCA-1"
Ca	: 0x08003800013b02f1 ports 1 "sid775 HCA-1"
Ca	: 0x08003800013af0c7 ports 1 "sid773 HCA-1"
Ca	: 0x08003800013ae72b ports 1 "sid772 HCA-1"
Ca	: 0x08003800013ab3bf ports 1 "sid689 HCA-1"
Ca	: 0x08003800013afb23 ports 1 "sid688 HCA-1"
Ca	: 0x08003800013b096f ports 1 "sid687 HCA-1"
Ca	: 0x08003800013b098d ports 1 "sid686 HCA-1"
Ca	: 0x08003800013ad05d ports 1 "sid685 HCA-1"
Ca	: 0x08003800013ad1b9 ports 1 "sid684 HCA-1"
Ca	: 0x08003800013addd7 ports 1 "sid683 HCA-1"
Ca	: 0x08003800013b0d05 ports 1 "sid682 HCA-1"
Ca	: 0x08003800013b0c7b ports 1 "sid681 HCA-1"
Ca	: 0x08003800013ac58f ports 1 "sid680 HCA-1"
Ca	: 0x08003800013ae9e3 ports 1 "sid679 HCA-1"
Ca	: 0x08003800013b06a5 ports 1 "sid678 HCA-1"
Ca	: 0x08003800013b0543 ports 1 "sid677 HCA-1"
Ca	: 0x08003800013aca57 ports 1 "sid676 HCA-1"
Ca	: 0x08003800013ac859 ports 1 "sid675 HCA-1"
Ca	: 0x08003800013b185d ports 1 "sid673 HCA-1"
Ca	: 0x08003800013b19b3 ports 1 "sid672 HCA-1"
Ca	: 0x08003800013b0aa7 ports 1 "sid771 HCA-1"
Ca	: 0x08003800013b0dc5 ports 1 "sid770 HCA-1"
Ca	: 0x08003800013ab4eb ports 1 "sid769 HCA-1"
Ca	: 0x08003800013ab41f ports 1 "sid767 HCA-1"
Ca	: 0x08003800013b0c75 ports 1 "sid768 HCA-1"
Ca	: 0x08003800013af979 ports 1 "sid766 HCA-1"
Ca	: 0x08003800013ad315 ports 1 "sid765 HCA-1"
Ca	: 0x08003800013af75d ports 1 "sid764 HCA-1"
Ca	: 0x08003800013af64f ports 1 "sid763 HCA-1"
Ca	: 0x08003800013aefe9 ports 1 "sid762 HCA-1"
Ca	: 0x08003800013b0741 ports 1 "sid761 HCA-1"
Ca	: 0x08003800013ac26b ports 1 "sid760 HCA-1"
Ca	: 0x08003800013b0519 ports 1 "sid759 HCA-1"
Ca	: 0x08003800013aba67 ports 1 "sid758 HCA-1"
Ca	: 0x08003800013aea43 ports 1 "sid757 HCA-1"
Ca	: 0x08003800013ac4f9 ports 1 "sid756 HCA-1"
Ca	: 0x08003800013aee0f ports 1 "sid755 HCA-1"
Ca	: 0x08003800013af0e5 ports 1 "sid754 HCA-1"
Ca	: 0x08003800013ad36f ports 1 "sid735 HCA-1"
Ca	: 0x08003800013b0837 ports 1 "sid734 HCA-1"
Ca	: 0x08003800013abec3 ports 1 "sid733 HCA-1"
Ca	: 0x08003800013af955 ports 1 "sid732 HCA-1"
Ca	: 0x08003800013af775 ports 1 "sid731 HCA-1"
Ca	: 0x08003800013abdd3 ports 1 "sid730 HCA-1"
Ca	: 0x08003800013b0a5f ports 1 "sid729 HCA-1"
Ca	: 0x08003800013ad417 ports 1 "sid728 HCA-1"
Ca	: 0x08003800013ab7df ports 1 "sid727 HCA-1"
Ca	: 0x08003800013ad97b ports 1 "sid726 HCA-1"
Ca	: 0x08003800013b0765 ports 1 "sid725 HCA-1"
Ca	: 0x08003800013ac445 ports 1 "sid724 HCA-1"
Ca	: 0x08003800013ae821 ports 1 "sid723 HCA-1"
Ca	: 0x08003800013ae6b9 ports 1 "sid722 HCA-1"
Ca	: 0x08003800013ac4f3 ports 1 "sid721 HCA-1"
Ca	: 0x08003800013ad795 ports 1 "sid719 HCA-1"
Ca	: 0x08003800013b04e9 ports 1 "sid720 HCA-1"
Ca	: 0x08003800013ab917 ports 1 "sid718 HCA-1"
Ca	: 0x08003800013b145b ports 1 "sid716 HCA-1"
Ca	: 0x08003800013af48d ports 1 "sid717 HCA-1"
Ca	: 0x08003800013adbeb ports 1 "sid715 HCA-1"
Ca	: 0x08003800013acdbd ports 1 "sid714 HCA-1"
Ca	: 0x08003800013af32b ports 1 "sid712 HCA-1"
Ca	: 0x08003800013b15db ports 1 "sid713 HCA-1"
Ca	: 0x08003800013ad3ff ports 1 "sid711 HCA-1"
Ca	: 0x08003800013b0be5 ports 1 "sid710 HCA-1"
Ca	: 0x08003800013aecef ports 1 "sid708 HCA-1"
Ca	: 0x08003800013afa93 ports 1 "sid709 HCA-1"
Ca	: 0x08003800013ae1af ports 1 "sid706 HCA-1"
Ca	: 0x08003800013b19cb ports 1 "sid707 HCA-1"
Ca	: 0x08003800013aca7b ports 1 "sid705 HCA-1"
Ca	: 0x08003800013b18e7 ports 1 "sid704 HCA-1"
Ca	: 0x08003800013b04bf ports 1 "sid703 HCA-1"
Ca	: 0x08003800013ada2f ports 1 "sid702 HCA-1"
Ca	: 0x08003800013b069f ports 1 "sid701 HCA-1"
Ca	: 0x08003800013ae9a1 ports 1 "sid700 HCA-1"
Ca	: 0x08003800013ac097 ports 1 "sid671 HCA-1"
Ca	: 0x08003800013afa45 ports 1 "sid670 HCA-1"
Ca	: 0x08003800013ad693 ports 1 "sid669 HCA-1"
Ca	: 0x08003800013b1485 ports 1 "sid668 HCA-1"
Ca	: 0x08003800013b0ae9 ports 1 "sid667 HCA-1"
Ca	: 0x08003800013b0a89 ports 1 "sid666 HCA-1"
Ca	: 0x08003800013ab72b ports 1 "sid665 HCA-1"
Ca	: 0x08003800013afaf9 ports 1 "sid664 HCA-1"
Ca	: 0x08003800013b0969 ports 1 "sid663 HCA-1"
Ca	: 0x08003800013ac2e9 ports 1 "sid662 HCA-1"
Ca	: 0x08003800013ae965 ports 1 "sid661 HCA-1"
Ca	: 0x08003800013ad807 ports 1 "sid660 HCA-1"
Ca	: 0x08003800013ae7b5 ports 1 "sid659 HCA-1"
Ca	: 0x08003800013b0483 ports 1 "sid658 HCA-1"
Ca	: 0x08003800013abbdb ports 1 "sid656 HCA-1"
Ca	: 0x08003800013b0645 ports 1 "sid657 HCA-1"
Ca	: 0x08003800013b0735 ports 1 "sid654 HCA-1"
Ca	: 0x08003800013aeb51 ports 1 "sid655 HCA-1"
Ca	: 0x08003800013b0b0d ports 1 "sid635 HCA-1"
Ca	: 0x08003800013af4f3 ports 1 "sid634 HCA-1"
Ca	: 0x08003800013af835 ports 1 "sid633 HCA-1"
Ca	: 0x08003800013af8b3 ports 1 "sid632 HCA-1"
Ca	: 0x08003800013ab11f ports 1 "sid631 HCA-1"
Ca	: 0x08003800013af751 ports 1 "sid630 HCA-1"
Ca	: 0x08003800013ab749 ports 1 "sid629 HCA-1"
Ca	: 0x08003800013ad3ab ports 1 "sid628 HCA-1"
Ca	: 0x08003800013ad42f ports 1 "sid627 HCA-1"
Ca	: 0x08003800013b02d9 ports 1 "sid626 HCA-1"
Ca	: 0x08003800013aee33 ports 1 "sid625 HCA-1"
Ca	: 0x08003800013b1917 ports 1 "sid624 HCA-1"
Ca	: 0x08003800013ae6f5 ports 1 "sid623 HCA-1"
Ca	: 0x08003800013ab2ff ports 1 "sid622 HCA-1"
Ca	: 0x08003800013ae707 ports 1 "sid621 HCA-1"
Ca	: 0x08003800013ac667 ports 1 "sid620 HCA-1"
Ca	: 0x08003800013ad93f ports 1 "sid619 HCA-1"
Ca	: 0x08003800013ad72f ports 1 "sid618 HCA-1"
Ca	: 0x08003800013ad1f5 ports 1 "sid653 HCA-1"
Ca	: 0x08003800013abe7b ports 1 "sid651 HCA-1"
Ca	: 0x08003800013b140d ports 1 "sid652 HCA-1"
Ca	: 0x08003800013afa75 ports 1 "sid648 HCA-1"
Ca	: 0x08003800013af43f ports 1 "sid650 HCA-1"
Ca	: 0x08003800013af439 ports 1 "sid646 HCA-1"
Ca	: 0x08003800013afa69 ports 1 "sid647 HCA-1"
Ca	: 0x08003800013ac80b ports 1 "sid644 HCA-1"
Ca	: 0x08003800013af9f7 ports 1 "sid645 HCA-1"
Ca	: 0x08003800013b05cd ports 1 "sid643 HCA-1"
Ca	: 0x08003800013ac685 ports 1 "sid642 HCA-1"
Ca	: 0x08003800013af181 ports 1 "sid641 HCA-1"
Ca	: 0x08003800013ae6cb ports 1 "sid639 HCA-1"
Ca	: 0x08003800013aea8b ports 1 "sid638 HCA-1"
Ca	: 0x08003800013aef47 ports 1 "sid637 HCA-1"
Ca	: 0x08003800013aeb7b ports 1 "sid636 HCA-1"
Ca	: 0x08003800013acd63 ports 1 "sid617 HCA-1"
Ca	: 0x08003800013af2b9 ports 1 "sid616 HCA-1"
Ca	: 0x08003800013b1437 ports 1 "sid615 HCA-1"
Ca	: 0x08003800013afa15 ports 1 "sid614 HCA-1"
Ca	: 0x08003800013afceb ports 1 "sid613 HCA-1"
Ca	: 0x08003800013ab0d7 ports 1 "sid612 HCA-1"
Ca	: 0x08003800013afb29 ports 1 "sid611 HCA-1"
Ca	: 0x08003800013ad309 ports 1 "sid610 HCA-1"
Ca	: 0x08003800013adcb7 ports 1 "sid609 HCA-1"
Ca	: 0x08003800013ad7ad ports 1 "sid608 HCA-1"
Ca	: 0x08003800013af103 ports 1 "sid607 HCA-1"
Ca	: 0x08003800013b17f1 ports 1 "sid606 HCA-1"
Ca	: 0x08003800013b05c1 ports 1 "sid605 HCA-1"
Ca	: 0x08003800013ae833 ports 1 "sid604 HCA-1"
Ca	: 0x08003800013ab2c3 ports 1 "sid603 HCA-1"
Ca	: 0x08003800013aeb81 ports 1 "sid602 HCA-1"
Ca	: 0x08003800013aed0d ports 1 "sid600 HCA-1"
Ca	: 0x08003800013ad711 ports 1 "sid601 HCA-1"
Ca	: 0x08003800013a883d ports 1 "sid151 HCA-1"
Ca	: 0x08003800013a84fb ports 1 "sid150 HCA-1"
Ca	: 0x08003800013a830f ports 1 "sid149 HCA-1"
Ca	: 0x08003800013a8849 ports 1 "sid148 HCA-1"
Ca	: 0x08003800013a4f91 ports 1 "sid147 HCA-1"
Ca	: 0x08003800013a88b5 ports 1 "sid146 HCA-1"
Ca	: 0x08003800013a897b ports 1 "sid145 HCA-1"
Ca	: 0x08003800013a81b9 ports 1 "sid144 HCA-1"
Ca	: 0x08003800013a846b ports 1 "sid143 HCA-1"
Ca	: 0x08003800013a8453 ports 1 "sid142 HCA-1"
Ca	: 0x08003800013a4d4b ports 1 "sid141 HCA-1"
Ca	: 0x08003800013a87cb ports 1 "sid140 HCA-1"
Ca	: 0x08003800013a8a3b ports 1 "sid139 HCA-1"
Ca	: 0x08003800013a8a6b ports 1 "sid138 HCA-1"
Ca	: 0x08003800013a8903 ports 1 "sid136 HCA-1"
Ca	: 0x08003800013a88f7 ports 1 "sid137 HCA-1"
Ca	: 0x0800380001389f3f ports 1 "sid120 HCA-1"
Ca	: 0x0800380001373282 ports 1 "sid102 HCA-1"
Ca	: 0x0002c903001e8a30 ports 1 "sid19 HCA-3"
Ca	: 0x0002c903001d49b0 ports 1 "sid19 HCA-2"
Ca	: 0x0002c903001e6970 ports 1 "sid18 HCA-3"
Ca	: 0x0002c903003d8630 ports 1 "sid18 HCA-2"
Ca	: 0x0002c903001e68e0 ports 1 "sid17 HCA-3"
Ca	: 0x0002c90300197450 ports 1 "sid17 HCA-2"
Ca	: 0x0002c903003d86e0 ports 1 "sid16 HCA-3"
Ca	: 0x0002c90300197470 ports 1 "sid16 HCA-2"
Ca	: 0x0002c90300043ee0 ports 1 "sid11 HCA-1"
Ca	: 0x0002c90300043eb0 ports 1 "localhost HCA-1"
Ca	: 0x0002c90300038f48 ports 1 "sid12 HCA-1"
Ca	: 0x0002c903000f6476 ports 1 "sid3 HCA-1"
Ca	: 0x0002c903000c8308 ports 1 "sid2 HCA-1"
Ca	: 0x0002c9030052395e ports 1 "sid1 HCA-1"
Ca	: 0x0002c90300523a2e ports 1 "localhost HCA-1"
Ca	: 0x0002c903000f6236 ports 1 "sid15 HCA-1"
Ca	: 0x0002c903000c82dc ports 1 "sid0 HCA-1"
Ca	: 0x0002c903000c82f8 ports 1 "sid4 HCA-1"
Switch	: 0x08003800023ccc1e ports 36 "Bullx DLC B700 Chassis IBSW 36-Port QSFP FDR Infiniband Switch" base port 0 lid 649 lmc 0
Switch	: 0x08003800023ccc6c ports 36 "Bullx DLC B700 Chassis IBSW 36-Port QSFP FDR Infiniband Switch" base port 0 lid 650 lmc 0
Switch	: 0x08003800023ccd76 ports 36 "Bullx DLC B700 Chassis IBSW 36-Port QSFP FDR Infiniband Switch" base port 0 lid 628 lmc 0
Switch	: 0x08003800023ccc5e ports 36 "Bullx DLC B700 Chassis IBSW 36-Port QSFP FDR Infiniband Switch" base port 0 lid 647 lmc 0
Switch	: 0x08003800023ccc86 ports 36 "Bullx DLC B700 Chassis IBSW 36-Port QSFP FDR Infiniband Switch" base port 0 lid 651 lmc 0
Switch	: 0x08003800023ccc10 ports 36 "Bullx DLC B700 Chassis IBSW 36-Port QSFP FDR Infiniband Switch" base port 0 lid 648 lmc 0
Switch	: 0x08003800023ccd6c ports 36 "Bullx DLC B700 Chassis IBSW 36-Port QSFP FDR Infiniband Switch" base port 0 lid 626 lmc 0
Switch	: 0x08003800023ccd74 ports 36 "Bullx DLC B700 Chassis IBSW 36-Port QSFP FDR Infiniband Switch" base port 0 lid 625 lmc 0
Switch	: 0x08003800023ccd72 ports 36 "Bullx DLC B700 Chassis IBSW 36-Port QSFP FDR Infiniband Switch" base port 0 lid 624 lmc 0
Switch	: 0x08003800023ccd70 ports 36 "Bullx DLC B700 Chassis IBSW 36-Port QSFP FDR Infiniband Switch" base port 0 lid 627 lmc 0
Switch	: 0x0002c90200415330 ports 36 "Infiniscale-IV Mellanox Technologies" base port 0 lid 80 lmc 0
Switch	: 0x0002c902004145b8 ports 36 "Infiniscale-IV Mellanox Technologies" base port 0 lid 79 lmc 0
Switch	: 0x080038000235bb1d ports 36 "Bullx Chassis 36-Port QSFP QDR Infiniband Switch" base port 0 lid 33 lmc 0
Switch	: 0x080038000235baf9 ports 36 "Bullx Chassis 36-Port QSFP QDR Infiniband Switch" base port 0 lid 34 lmc 0
Switch	: 0x080038000235badb ports 36 "Bullx Chassis 36-Port QSFP QDR Infiniband Switch" base port 0 lid 256 lmc 0
Switch	: 0x0002c903008f9480 ports 36 "SwitchX -  Mellanox Technologies" base port 0 lid 10 lmc 0
Switch	: 0x0002c903008f8d00 ports 36 "SwitchX -  Mellanox Technologies" base port 0 lid 82 lmc 0
Switch	: 0x0002c903008f9100 ports 36 "SwitchX -  Mellanox Technologies" base port 0 lid 81 lmc 0
Switch	: 0x0002c903008f8c80 ports 36 "SwitchX -  Mellanox Technologies" base port 0 lid 78 lmc 0
Switch	: 0x0002c903008f8b80 ports 36 "SwitchX -  Mellanox Technologies" base port 0 lid 75 lmc 0
Switch	: 0x0002c903008f9580 ports 36 "SwitchX -  Mellanox Technologies" base port 0 lid 76 lmc 0
Switch	: 0x0002c903008f9380 ports 36 "SwitchX -  Mellanox Technologies" base port 0 lid 77 lmc 0
Switch	: 0x0002c903008f8d80 ports 36 "SwitchX -  Mellanox Technologies" base port 0 lid 73 lmc 0
Switch	: 0x0002c903008f9280 ports 36 "SwitchX -  Mellanox Technologies" base port 0 lid 74 lmc 0
Switch	: 0x0002c903008d4980 ports 36 "SwitchX -  Mellanox Technologies" base port 0 lid 71 lmc 0
Switch	: 0x0002c903008d4580 ports 36 "SwitchX -  Mellanox Technologies" base port 0 lid 72 lmc 0
Switch	: 0x0002c903008f9200 ports 36 "SwitchX -  Mellanox Technologies" base port 0 lid 69 lmc 0
Switch	: 0x0002c903008f9600 ports 36 "SwitchX -  Mellanox Technologies" base port 0 lid 70 lmc 0
Switch	: 0x0002c903008f8b00 ports 36 "SwitchX -  Mellanox Technologies" base port 0 lid 67 lmc 0
Switch	: 0x0002c903008f8a80 ports 36 "SwitchX -  Mellanox Technologies" base port 0 lid 68 lmc 0
Switch	: 0x0002c903008f9400 ports 36 "SwitchX -  Mellanox Technologies" base port 0 lid 66 lmc 0
Switch	: 0x0002c903008f9500 ports 36 "SwitchX -  Mellanox Technologies" base port 0 lid 9 lmc 0
Switch	: 0x0002c903008f8800 ports 36 "SwitchX -  Mellanox Technologies" base port 0 lid 8 lmc 0
Switch	: 0x0002c903008cdc80 ports 36 "SwitchX -  Mellanox Technologies" base port 0 lid 3 lmc 0
